# JRE version: OpenJDK Runtime Environment (21.0.3) (build 21.0.3+-12282718-b509.11)
# Java VM: OpenJDK 64-Bit Server VM (21.0.3+-12282718-b509.11, mixed mode, tiered, compressed oops, compressed class ptrs, g1 gc, windows-amd64)
GC Precious Log:
 CardTable entry size: 512
 Card Set container configuration: InlinePtr #cards 5 size 8 Array Of Cards #cards 12 size 40 Howl #buckets 4 coarsen threshold 1843 Howl Bitmap #cards 512 size 80 coarsen threshold 460 Card regions per heap region 1 cards per card region 2048
 CPUs: 4 total, 4 available
 Memory: 3961M
 Large Page Support: Disabled
 NUMA Support: Disabled
 Compressed Oops: Enabled (32-bit)
 Heap Region Size: 1M
 Heap Min Capacity: 8M
 Heap Initial Capacity: 62M
 Heap Max Capacity: 2G
 Pre-touch: Disabled
 Parallel Workers: 4
 Concurrent Workers: 1
 Concurrent Refinement Workers: 4
 Periodic GC: Disabled
Heap:
 garbage-first heap   total 374784K, used 239593K [0x0000000080000000, 0x0000000100000000)
  region size 1024K, 13 young (13312K), 10 survivors (10240K)
 Metaspace       used 64559K, committed 66112K, reserved 1114112K
  class space    used 8730K, committed 9472K, reserved 1048576K
GC Heap History (20 events):
Event: 46.068 GC heap before
{Heap before GC invocations=56 (full 0):
 garbage-first heap   total 179200K, used 167231K [0x0000000080000000, 0x0000000100000000)
  region size 1024K, 85 young (87040K), 6 survivors (6144K)
 Metaspace       used 64192K, committed 65728K, reserved 1114112K
  class space    used 8736K, committed 9472K, reserved 1048576K
}
Event: 46.080 GC heap after
{Heap after GC invocations=57 (full 0):
 garbage-first heap   total 179200K, used 90907K [0x0000000080000000, 0x0000000100000000)
  region size 1024K, 10 young (10240K), 10 survivors (10240K)
 Metaspace       used 64192K, committed 65728K, reserved 1114112K
  class space    used 8736K, committed 9472K, reserved 1048576K
}
Event: 46.430 GC heap before
{Heap before GC invocations=57 (full 0):
 garbage-first heap   total 179200K, used 157467K [0x0000000080000000, 0x0000000100000000)
  region size 1024K, 75 young (76800K), 10 survivors (10240K)
 Metaspace       used 64192K, committed 65728K, reserved 1114112K
  class space    used 8736K, committed 9472K, reserved 1048576K
}
Event: 46.450 GC heap after
{Heap after GC invocations=58 (full 0):
 garbage-first heap   total 215040K, used 93442K [0x0000000080000000, 0x0000000100000000)
  region size 1024K, 8 young (8192K), 8 survivors (8192K)
 Metaspace       used 64192K, committed 65728K, reserved 1114112K
  class space    used 8736K, committed 9472K, reserved 1048576K
}
Event: 47.061 GC heap before
{Heap before GC invocations=58 (full 0):
 garbage-first heap   total 215040K, used 194818K [0x0000000080000000, 0x0000000100000000)
  region size 1024K, 107 young (109568K), 8 survivors (8192K)
 Metaspace       used 64194K, committed 65728K, reserved 1114112K
  class space    used 8736K, committed 9472K, reserved 1048576K
}
Event: 47.073 GC heap after
{Heap after GC invocations=59 (full 0):
 garbage-first heap   total 215040K, used 99357K [0x0000000080000000, 0x0000000100000000)
  region size 1024K, 9 young (9216K), 9 survivors (9216K)
 Metaspace       used 64194K, committed 65728K, reserved 1114112K
  class space    used 8736K, committed 9472K, reserved 1048576K
}
Event: 47.533 GC heap before
{Heap before GC invocations=59 (full 0):
 garbage-first heap   total 215040K, used 193565K [0x0000000080000000, 0x0000000100000000)
  region size 1024K, 101 young (103424K), 9 survivors (9216K)
 Metaspace       used 64194K, committed 65728K, reserved 1114112K
  class space    used 8736K, committed 9472K, reserved 1048576K
}
Event: 47.552 GC heap after
{Heap after GC invocations=60 (full 0):
 garbage-first heap   total 215040K, used 100765K [0x0000000080000000, 0x0000000100000000)
  region size 1024K, 13 young (13312K), 13 survivors (13312K)
 Metaspace       used 64194K, committed 65728K, reserved 1114112K
  class space    used 8736K, committed 9472K, reserved 1048576K
}
Event: 48.909 GC heap before
{Heap before GC invocations=61 (full 0):
 garbage-first heap   total 215040K, used 194973K [0x0000000080000000, 0x0000000100000000)
  region size 1024K, 100 young (102400K), 13 survivors (13312K)
 Metaspace       used 64247K, committed 65728K, reserved 1114112K
  class space    used 8730K, committed 9472K, reserved 1048576K
}
Event: 49.031 GC heap after
{Heap after GC invocations=62 (full 0):
 garbage-first heap   total 260096K, used 157184K [0x0000000080000000, 0x0000000100000000)
  region size 1024K, 13 young (13312K), 13 survivors (13312K)
 Metaspace       used 64247K, committed 65728K, reserved 1114112K
  class space    used 8730K, committed 9472K, reserved 1048576K
}
Event: 49.883 GC heap before
{Heap before GC invocations=62 (full 0):
 garbage-first heap   total 260096K, used 214528K [0x0000000080000000, 0x0000000100000000)
  region size 1024K, 70 young (71680K), 13 survivors (13312K)
 Metaspace       used 64391K, committed 65920K, reserved 1114112K
  class space    used 8730K, committed 9472K, reserved 1048576K
}
Event: 49.914 GC heap after
{Heap after GC invocations=63 (full 0):
 garbage-first heap   total 260096K, used 165504K [0x0000000080000000, 0x0000000100000000)
  region size 1024K, 8 young (8192K), 8 survivors (8192K)
 Metaspace       used 64391K, committed 65920K, reserved 1114112K
  class space    used 8730K, committed 9472K, reserved 1048576K
}
Event: 50.135 GC heap before
{Heap before GC invocations=63 (full 0):
 garbage-first heap   total 260096K, used 212608K [0x0000000080000000, 0x0000000100000000)
  region size 1024K, 55 young (56320K), 8 survivors (8192K)
 Metaspace       used 64426K, committed 65920K, reserved 1114112K
  class space    used 8730K, committed 9472K, reserved 1048576K
}
Event: 50.156 GC heap after
{Heap after GC invocations=64 (full 0):
 garbage-first heap   total 374784K, used 174592K [0x0000000080000000, 0x0000000100000000)
  region size 1024K, 8 young (8192K), 8 survivors (8192K)
 Metaspace       used 64426K, committed 65920K, reserved 1114112K
  class space    used 8730K, committed 9472K, reserved 1048576K
}
Event: 51.158 GC heap before
{Heap before GC invocations=64 (full 0):
 garbage-first heap   total 374784K, used 292352K [0x0000000080000000, 0x0000000100000000)
  region size 1024K, 121 young (123904K), 8 survivors (8192K)
 Metaspace       used 64439K, committed 65920K, reserved 1114112K
  class space    used 8730K, committed 9472K, reserved 1048576K
}
Event: 51.188 GC heap after
{Heap after GC invocations=65 (full 0):
 garbage-first heap   total 374784K, used 186880K [0x0000000080000000, 0x0000000100000000)
  region size 1024K, 16 young (16384K), 16 survivors (16384K)
 Metaspace       used 64439K, committed 65920K, reserved 1114112K
  class space    used 8730K, committed 9472K, reserved 1048576K
}
Event: 55.789 GC heap before
{Heap before GC invocations=65 (full 0):
 garbage-first heap   total 374784K, used 297472K [0x0000000080000000, 0x0000000100000000)
  region size 1024K, 124 young (126976K), 16 survivors (16384K)
 Metaspace       used 64540K, committed 66048K, reserved 1114112K
  class space    used 8730K, committed 9472K, reserved 1048576K
}
Event: 55.866 GC heap after
{Heap after GC invocations=66 (full 0):
 garbage-first heap   total 374784K, used 216064K [0x0000000080000000, 0x0000000100000000)
  region size 1024K, 16 young (16384K), 16 survivors (16384K)
 Metaspace       used 64540K, committed 66048K, reserved 1114112K
  class space    used 8730K, committed 9472K, reserved 1048576K
}
Event: 55.873 GC heap before
{Heap before GC invocations=66 (full 0):
 garbage-first heap   total 374784K, used 217088K [0x0000000080000000, 0x0000000100000000)
  region size 1024K, 18 young (18432K), 16 survivors (16384K)
 Metaspace       used 64540K, committed 66048K, reserved 1114112K
  class space    used 8730K, committed 9472K, reserved 1048576K
}
Event: 55.901 GC heap after
{Heap after GC invocations=67 (full 0):
 garbage-first heap   total 374784K, used 218880K [0x0000000080000000, 0x0000000100000000)
  region size 1024K, 2 young (2048K), 2 survivors (2048K)
 Metaspace       used 64540K, committed 66048K, reserved 1114112K
  class space    used 8730K, committed 9472K, reserved 1048576K
}

